<?xml version="1.0" encoding="UTF-8"?>
<testng-results ignored="0" total="1" passed="1" failed="0" skipped="0">
  <reporter-output>
  </reporter-output>
  <suite started-at="2022-04-10T18:27:24 IST" name="Default suite" finished-at="2022-04-10T18:27:30 IST" duration-ms="5601">
    <groups>
    </groups>
    <test started-at="2022-04-10T18:27:24 IST" name="Default test" finished-at="2022-04-10T18:27:30 IST" duration-ms="5601">
      <class name="restapiautomation.excelDriven">
        <test-method signature="addBook()[pri:0, instance:restapiautomation.excelDriven@21282ed8]" started-at="2022-04-10T18:27:24 IST" name="addBook" finished-at="2022-04-10T18:27:30 IST" duration-ms="5524" status="PASS">
          <reporter-output>
          </reporter-output>
        </test-method> <!-- addBook -->
      </class> <!-- restapiautomation.excelDriven -->
    </test> <!-- Default test -->
  </suite> <!-- Default suite -->
</testng-results>
